Determining if the pthread_create exist failed with the following output:
Change Dir: /home/alejandro/Documentos/802/Kauil/catkin_ws/build_isolated/kauil_control/CMakeFiles/CMakeTmp

Run Build Command:"/usr/bin/make" "cmTC_f6805/fast"
/usr/bin/make -f CMakeFiles/cmTC_f6805.dir/build.make CMakeFiles/cmTC_f6805.dir/build
make[1]: se entra en el directorio '/home/alejandro/Documentos/802/Kauil/catkin_ws/build_isolated/kauil_control/CMakeFiles/CMakeTmp'
Building C object CMakeFiles/cmTC_f6805.dir/CheckSymbolExists.c.o
/usr/bin/cc    -o CMakeFiles/cmTC_f6805.dir/CheckSymbolExists.c.o   -c /home/alejandro/Documentos/802/Kauil/catkin_ws/build_isolated/kauil_control/CMakeFiles/CMakeTmp/CheckSymbolExists.c
Linking C executable cmTC_f6805
/usr/bin/cmake -E cmake_link_script CMakeFiles/cmTC_f6805.dir/link.txt --verbose=1
/usr/bin/cc      -rdynamic CMakeFiles/cmTC_f6805.dir/CheckSymbolExists.c.o  -o cmTC_f6805 
CMakeFiles/cmTC_f6805.dir/CheckSymbolExists.c.o: En la función `main':
CheckSymbolExists.c:(.text+0x1b): referencia a `pthread_create' sin definir
collect2: error: ld returned 1 exit status
CMakeFiles/cmTC_f6805.dir/build.make:97: fallo en las instrucciones para el objetivo 'cmTC_f6805'
make[1]: *** [cmTC_f6805] Error 1
make[1]: se sale del directorio '/home/alejandro/Documentos/802/Kauil/catkin_ws/build_isolated/kauil_control/CMakeFiles/CMakeTmp'
Makefile:126: fallo en las instrucciones para el objetivo 'cmTC_f6805/fast'
make: *** [cmTC_f6805/fast] Error 2

File /home/alejandro/Documentos/802/Kauil/catkin_ws/build_isolated/kauil_control/CMakeFiles/CMakeTmp/CheckSymbolExists.c:
/* */
#include <pthread.h>

int main(int argc, char** argv)
{
  (void)argv;
#ifndef pthread_create
  return ((int*)(&pthread_create))[argc];
#else
  (void)argc;
  return 0;
#endif
}

Determining if the function pthread_create exists in the pthreads failed with the following output:
Change Dir: /home/alejandro/Documentos/802/Kauil/catkin_ws/build_isolated/kauil_control/CMakeFiles/CMakeTmp

Run Build Command:"/usr/bin/make" "cmTC_01c5d/fast"
/usr/bin/make -f CMakeFiles/cmTC_01c5d.dir/build.make CMakeFiles/cmTC_01c5d.dir/build
make[1]: se entra en el directorio '/home/alejandro/Documentos/802/Kauil/catkin_ws/build_isolated/kauil_control/CMakeFiles/CMakeTmp'
Building C object CMakeFiles/cmTC_01c5d.dir/CheckFunctionExists.c.o
/usr/bin/cc   -DCHECK_FUNCTION_EXISTS=pthread_create   -o CMakeFiles/cmTC_01c5d.dir/CheckFunctionExists.c.o   -c /usr/share/cmake-3.10/Modules/CheckFunctionExists.c
Linking C executable cmTC_01c5d
/usr/bin/cmake -E cmake_link_script CMakeFiles/cmTC_01c5d.dir/link.txt --verbose=1
/usr/bin/cc  -DCHECK_FUNCTION_EXISTS=pthread_create    -rdynamic CMakeFiles/cmTC_01c5d.dir/CheckFunctionExists.c.o  -o cmTC_01c5d -lpthreads 
/usr/bin/ld: no se puede encontrar -lpthreads
collect2: error: ld returned 1 exit status
CMakeFiles/cmTC_01c5d.dir/build.make:97: fallo en las instrucciones para el objetivo 'cmTC_01c5d'
make[1]: *** [cmTC_01c5d] Error 1
make[1]: se sale del directorio '/home/alejandro/Documentos/802/Kauil/catkin_ws/build_isolated/kauil_control/CMakeFiles/CMakeTmp'
Makefile:126: fallo en las instrucciones para el objetivo 'cmTC_01c5d/fast'
make: *** [cmTC_01c5d/fast] Error 2


