Determining if the pthread_create exist failed with the following output:
Change Dir: /home/alejandro/Documentos/802/Kauil/catkin_ws/build/CMakeFiles/CMakeTmp

Run Build Command:"/usr/bin/make" "cmTC_01a9f/fast"
/usr/bin/make -f CMakeFiles/cmTC_01a9f.dir/build.make CMakeFiles/cmTC_01a9f.dir/build
make[1]: se entra en el directorio '/home/alejandro/Documentos/802/Kauil/catkin_ws/build/CMakeFiles/CMakeTmp'
Building C object CMakeFiles/cmTC_01a9f.dir/CheckSymbolExists.c.o
/usr/bin/cc    -o CMakeFiles/cmTC_01a9f.dir/CheckSymbolExists.c.o   -c /home/alejandro/Documentos/802/Kauil/catkin_ws/build/CMakeFiles/CMakeTmp/CheckSymbolExists.c
Linking C executable cmTC_01a9f
/usr/bin/cmake -E cmake_link_script CMakeFiles/cmTC_01a9f.dir/link.txt --verbose=1
/usr/bin/cc      -rdynamic CMakeFiles/cmTC_01a9f.dir/CheckSymbolExists.c.o  -o cmTC_01a9f 
CMakeFiles/cmTC_01a9f.dir/CheckSymbolExists.c.o: En la función `main':
CheckSymbolExists.c:(.text+0x1b): referencia a `pthread_create' sin definir
collect2: error: ld returned 1 exit status
CMakeFiles/cmTC_01a9f.dir/build.make:97: fallo en las instrucciones para el objetivo 'cmTC_01a9f'
make[1]: *** [cmTC_01a9f] Error 1
make[1]: se sale del directorio '/home/alejandro/Documentos/802/Kauil/catkin_ws/build/CMakeFiles/CMakeTmp'
Makefile:126: fallo en las instrucciones para el objetivo 'cmTC_01a9f/fast'
make: *** [cmTC_01a9f/fast] Error 2

File /home/alejandro/Documentos/802/Kauil/catkin_ws/build/CMakeFiles/CMakeTmp/CheckSymbolExists.c:
/* */
#include <pthread.h>

int main(int argc, char** argv)
{
  (void)argv;
#ifndef pthread_create
  return ((int*)(&pthread_create))[argc];
#else
  (void)argc;
  return 0;
#endif
}

Determining if the function pthread_create exists in the pthreads failed with the following output:
Change Dir: /home/alejandro/Documentos/802/Kauil/catkin_ws/build/CMakeFiles/CMakeTmp

Run Build Command:"/usr/bin/make" "cmTC_9edcc/fast"
/usr/bin/make -f CMakeFiles/cmTC_9edcc.dir/build.make CMakeFiles/cmTC_9edcc.dir/build
make[1]: se entra en el directorio '/home/alejandro/Documentos/802/Kauil/catkin_ws/build/CMakeFiles/CMakeTmp'
Building C object CMakeFiles/cmTC_9edcc.dir/CheckFunctionExists.c.o
/usr/bin/cc   -DCHECK_FUNCTION_EXISTS=pthread_create   -o CMakeFiles/cmTC_9edcc.dir/CheckFunctionExists.c.o   -c /usr/share/cmake-3.10/Modules/CheckFunctionExists.c
Linking C executable cmTC_9edcc
/usr/bin/cmake -E cmake_link_script CMakeFiles/cmTC_9edcc.dir/link.txt --verbose=1
/usr/bin/cc  -DCHECK_FUNCTION_EXISTS=pthread_create    -rdynamic CMakeFiles/cmTC_9edcc.dir/CheckFunctionExists.c.o  -o cmTC_9edcc -lpthreads 
/usr/bin/ld: no se puede encontrar -lpthreads
collect2: error: ld returned 1 exit status
CMakeFiles/cmTC_9edcc.dir/build.make:97: fallo en las instrucciones para el objetivo 'cmTC_9edcc'
make[1]: *** [cmTC_9edcc] Error 1
make[1]: se sale del directorio '/home/alejandro/Documentos/802/Kauil/catkin_ws/build/CMakeFiles/CMakeTmp'
Makefile:126: fallo en las instrucciones para el objetivo 'cmTC_9edcc/fast'
make: *** [cmTC_9edcc/fast] Error 2


