Determining if the pthread_create exist failed with the following output:
Change Dir: /home/alejandro/Documentos/802/Kauil/catkin_ws/build_isolated/kauil_movement/CMakeFiles/CMakeTmp

Run Build Command:"/usr/bin/make" "cmTC_547c6/fast"
/usr/bin/make -f CMakeFiles/cmTC_547c6.dir/build.make CMakeFiles/cmTC_547c6.dir/build
make[1]: se entra en el directorio '/home/alejandro/Documentos/802/Kauil/catkin_ws/build_isolated/kauil_movement/CMakeFiles/CMakeTmp'
Building C object CMakeFiles/cmTC_547c6.dir/CheckSymbolExists.c.o
/usr/bin/cc    -o CMakeFiles/cmTC_547c6.dir/CheckSymbolExists.c.o   -c /home/alejandro/Documentos/802/Kauil/catkin_ws/build_isolated/kauil_movement/CMakeFiles/CMakeTmp/CheckSymbolExists.c
Linking C executable cmTC_547c6
/usr/bin/cmake -E cmake_link_script CMakeFiles/cmTC_547c6.dir/link.txt --verbose=1
/usr/bin/cc      -rdynamic CMakeFiles/cmTC_547c6.dir/CheckSymbolExists.c.o  -o cmTC_547c6 
CMakeFiles/cmTC_547c6.dir/CheckSymbolExists.c.o: En la función `main':
CheckSymbolExists.c:(.text+0x1b): referencia a `pthread_create' sin definir
collect2: error: ld returned 1 exit status
CMakeFiles/cmTC_547c6.dir/build.make:97: fallo en las instrucciones para el objetivo 'cmTC_547c6'
make[1]: *** [cmTC_547c6] Error 1
make[1]: se sale del directorio '/home/alejandro/Documentos/802/Kauil/catkin_ws/build_isolated/kauil_movement/CMakeFiles/CMakeTmp'
Makefile:126: fallo en las instrucciones para el objetivo 'cmTC_547c6/fast'
make: *** [cmTC_547c6/fast] Error 2

File /home/alejandro/Documentos/802/Kauil/catkin_ws/build_isolated/kauil_movement/CMakeFiles/CMakeTmp/CheckSymbolExists.c:
/* */
#include <pthread.h>

int main(int argc, char** argv)
{
  (void)argv;
#ifndef pthread_create
  return ((int*)(&pthread_create))[argc];
#else
  (void)argc;
  return 0;
#endif
}

Determining if the function pthread_create exists in the pthreads failed with the following output:
Change Dir: /home/alejandro/Documentos/802/Kauil/catkin_ws/build_isolated/kauil_movement/CMakeFiles/CMakeTmp

Run Build Command:"/usr/bin/make" "cmTC_b0d37/fast"
/usr/bin/make -f CMakeFiles/cmTC_b0d37.dir/build.make CMakeFiles/cmTC_b0d37.dir/build
make[1]: se entra en el directorio '/home/alejandro/Documentos/802/Kauil/catkin_ws/build_isolated/kauil_movement/CMakeFiles/CMakeTmp'
Building C object CMakeFiles/cmTC_b0d37.dir/CheckFunctionExists.c.o
/usr/bin/cc   -DCHECK_FUNCTION_EXISTS=pthread_create   -o CMakeFiles/cmTC_b0d37.dir/CheckFunctionExists.c.o   -c /usr/share/cmake-3.10/Modules/CheckFunctionExists.c
Linking C executable cmTC_b0d37
/usr/bin/cmake -E cmake_link_script CMakeFiles/cmTC_b0d37.dir/link.txt --verbose=1
/usr/bin/cc  -DCHECK_FUNCTION_EXISTS=pthread_create    -rdynamic CMakeFiles/cmTC_b0d37.dir/CheckFunctionExists.c.o  -o cmTC_b0d37 -lpthreads 
/usr/bin/ld: no se puede encontrar -lpthreads
collect2: error: ld returned 1 exit status
CMakeFiles/cmTC_b0d37.dir/build.make:97: fallo en las instrucciones para el objetivo 'cmTC_b0d37'
make[1]: *** [cmTC_b0d37] Error 1
make[1]: se sale del directorio '/home/alejandro/Documentos/802/Kauil/catkin_ws/build_isolated/kauil_movement/CMakeFiles/CMakeTmp'
Makefile:126: fallo en las instrucciones para el objetivo 'cmTC_b0d37/fast'
make: *** [cmTC_b0d37/fast] Error 2


